[2024-07-17 02:09:32 / Init] 正在初始化，请稍候
[2024-07-17 02:09:32 / Bedrock Backup - ScanWorld] 扫描目录 C:\Users\vvv\AppData\Local\Packages\Microsoft.MinecraftUWP_8wekyb3d8bbwe\LocalState\games\com.mojang\minecraftWorlds
[2024-07-17 02:09:32 / Bedrock Backup - ScanWorld] 扫描目录 C:\Users\vvv\AppData\Local\Packages\Microsoft.MinecraftUWP_8wekyb3d8bbwe\LocalState\games\com.mojang\minecraftWorlds\+QKVZhO7WQA=
[2024-07-17 02:09:32 / Bedrock Backup - ScanWorld] 扫描目录 C:\Users\vvv\AppData\Local\Packages\Microsoft.MinecraftUWP_8wekyb3d8bbwe\LocalState\games\com.mojang\minecraftWorlds\+QKVZhO7WQA=\behavior_packs
[2024-07-17 02:09:32 / Bedrock Backup - ScanWorld] 扫描目录 C:\Users\vvv\AppData\Local\Packages\Microsoft.MinecraftUWP_8wekyb3d8bbwe\LocalState\games\com.mojang\minecraftWorlds\+QKVZhO7WQA=\db
[2024-07-17 02:09:32 / Bedrock Backup - ScanWorld] 扫描目录 C:\Users\vvv\AppData\Local\Packages\Microsoft.MinecraftUWP_8wekyb3d8bbwe\LocalState\games\com.mojang\minecraftWorlds\+QKVZhO7WQA=\resource_packs
[2024-07-17 02:09:32 / Bedrock Backup - ScanWorld] 扫描目录 C:\Users\vvv\AppData\Local\Packages\Microsoft.MinecraftUWP_8wekyb3d8bbwe\LocalState\games\com.mojang\minecraftWorlds\JC+SZrCWCQA=
[2024-07-17 02:09:32 / Bedrock Backup - ScanWorld] 扫描目录 C:\Users\vvv\AppData\Local\Packages\Microsoft.MinecraftUWP_8wekyb3d8bbwe\LocalState\games\com.mojang\minecraftWorlds\JC+SZrCWCQA=\behavior_packs
[2024-07-17 02:09:32 / Bedrock Backup - ScanWorld] 扫描目录 C:\Users\vvv\AppData\Local\Packages\Microsoft.MinecraftUWP_8wekyb3d8bbwe\LocalState\games\com.mojang\minecraftWorlds\JC+SZrCWCQA=\db
[2024-07-17 02:09:32 / Bedrock Backup - ScanWorld] 扫描目录 C:\Users\vvv\AppData\Local\Packages\Microsoft.MinecraftUWP_8wekyb3d8bbwe\LocalState\games\com.mojang\minecraftWorlds\JC+SZrCWCQA=\resource_packs
[2024-07-17 02:09:32 / Bedrock Backup - ScanWorld] 扫描目录 C:\Users\vvv\AppData\Local\Packages\Microsoft.MinecraftUWP_8wekyb3d8bbwe\LocalState\games\com.mojang\minecraftWorlds\JpE+Zr5fKAA=
[2024-07-17 02:09:32 / Bedrock Backup - ScanWorld] 扫描目录 C:\Users\vvv\AppData\Local\Packages\Microsoft.MinecraftUWP_8wekyb3d8bbwe\LocalState\games\com.mojang\minecraftWorlds\JpE+Zr5fKAA=\behavior_packs
[2024-07-17 02:09:32 / Bedrock Backup - ScanWorld] 扫描目录 C:\Users\vvv\AppData\Local\Packages\Microsoft.MinecraftUWP_8wekyb3d8bbwe\LocalState\games\com.mojang\minecraftWorlds\JpE+Zr5fKAA=\db
[2024-07-17 02:09:32 / Bedrock Backup - ScanWorld] 扫描目录 C:\Users\vvv\AppData\Local\Packages\Microsoft.MinecraftUWP_8wekyb3d8bbwe\LocalState\games\com.mojang\minecraftWorlds\JpE+Zr5fKAA=\resource_packs
[2024-07-17 02:09:32 / Bedrock Backup - CreateZipArchive] 将 4 字节写入到 Bedrock_Backup_7d4edb1a-7a9d-441a-9cf0-fa06c0d20b50.zip
[2024-07-17 02:09:32 / Bedrock Backup - CreateZipArchive] 将 4 字节写入到 Bedrock_Backup_7d4edb1a-7a9d-441a-9cf0-fa06c0d20b50.zip
[2024-07-17 02:09:32 / Bedrock Backup - CreateZipArchive] 将 0 字节写入到 Bedrock_Backup_7d4edb1a-7a9d-441a-9cf0-fa06c0d20b50.zip
[2024-07-17 02:09:32 / Bedrock Backup - CreateZipArchive] 将 16 字节写入到 Bedrock_Backup_7d4edb1a-7a9d-441a-9cf0-fa06c0d20b50.zip
[2024-07-17 02:09:32 / Bedrock Backup - CreateZipArchive] 将 50 字节写入到 Bedrock_Backup_7d4edb1a-7a9d-441a-9cf0-fa06c0d20b50.zip
[2024-07-17 02:09:32 / Bedrock Backup - CreateZipArchive] 将 2853 字节写入到 Bedrock_Backup_7d4edb1a-7a9d-441a-9cf0-fa06c0d20b50.zip
[2024-07-17 02:09:32 / Bedrock Backup - CreateZipArchive] 将 2853 字节写入到 Bedrock_Backup_7d4edb1a-7a9d-441a-9cf0-fa06c0d20b50.zip
[2024-07-17 02:09:32 / Bedrock Backup - CreateZipArchive] 将 12 字节写入到 Bedrock_Backup_7d4edb1a-7a9d-441a-9cf0-fa06c0d20b50.zip
[2024-07-17 02:09:32 / Bedrock Backup - CreateZipArchive] 将 4 字节写入到 Bedrock_Backup_7d4edb1a-7a9d-441a-9cf0-fa06c0d20b50.zip
[2024-07-17 02:09:32 / Bedrock Backup - CreateZipArchive] 将 87454 字节写入到 Bedrock_Backup_7d4edb1a-7a9d-441a-9cf0-fa06c0d20b50.zip
[2024-07-17 02:09:32 / Bedrock Backup - CreateZipArchive] 将 4 字节写入到 Bedrock_Backup_7d4edb1a-7a9d-441a-9cf0-fa06c0d20b50.zip
[2024-07-17 02:09:32 / Bedrock Backup - CreateZipArchive] 将 156 字节写入到 Bedrock_Backup_7d4edb1a-7a9d-441a-9cf0-fa06c0d20b50.zip
[2024-07-17 02:09:32 / Bedrock Backup - CreateZipArchive] 将 1428 字节写入到 Bedrock_Backup_7d4edb1a-7a9d-441a-9cf0-fa06c0d20b50.zip
[2024-07-17 02:09:32 / Bedrock Backup - CreateZipArchive] 将 2138217 字节写入到 Bedrock_Backup_7d4edb1a-7a9d-441a-9cf0-fa06c0d20b50.zip
[2024-07-17 02:09:32 / Bedrock Backup - CreateZipArchive] 将 2136690 字节写入到 Bedrock_Backup_7d4edb1a-7a9d-441a-9cf0-fa06c0d20b50.zip
[2024-07-17 02:09:32 / Bedrock Backup - CreateZipArchive] 将 2113482 字节写入到 Bedrock_Backup_7d4edb1a-7a9d-441a-9cf0-fa06c0d20b50.zip
[2024-07-17 02:09:32 / Bedrock Backup - CreateZipArchive] 将 928156 字节写入到 Bedrock_Backup_7d4edb1a-7a9d-441a-9cf0-fa06c0d20b50.zip
[2024-07-17 02:09:32 / Bedrock Backup - CreateZipArchive] 将 2124385 字节写入到 Bedrock_Backup_7d4edb1a-7a9d-441a-9cf0-fa06c0d20b50.zip
[2024-07-17 02:09:32 / Bedrock Backup - CreateZipArchive] 将 2122896 字节写入到 Bedrock_Backup_7d4edb1a-7a9d-441a-9cf0-fa06c0d20b50.zip
[2024-07-17 02:09:33 / Bedrock Backup - CreateZipArchive] 将 2121067 字节写入到 Bedrock_Backup_7d4edb1a-7a9d-441a-9cf0-fa06c0d20b50.zip
[2024-07-17 02:09:33 / Bedrock Backup - CreateZipArchive] 将 2124616 字节写入到 Bedrock_Backup_7d4edb1a-7a9d-441a-9cf0-fa06c0d20b50.zip
[2024-07-17 02:09:33 / Bedrock Backup - CreateZipArchive] 将 2138490 字节写入到 Bedrock_Backup_7d4edb1a-7a9d-441a-9cf0-fa06c0d20b50.zip
[2024-07-17 02:09:33 / Bedrock Backup - CreateZipArchive] 将 2102236 字节写入到 Bedrock_Backup_7d4edb1a-7a9d-441a-9cf0-fa06c0d20b50.zip
[2024-07-17 02:09:33 / Bedrock Backup - CreateZipArchive] 将 16 字节写入到 Bedrock_Backup_7d4edb1a-7a9d-441a-9cf0-fa06c0d20b50.zip
[2024-07-17 02:09:33 / Bedrock Backup - CreateZipArchive] 将 1056 字节写入到 Bedrock_Backup_7d4edb1a-7a9d-441a-9cf0-fa06c0d20b50.zip
[2024-07-17 02:09:33 / Bedrock Backup - CreateZipArchive] 将 4 字节写入到 Bedrock_Backup_7d4edb1a-7a9d-441a-9cf0-fa06c0d20b50.zip
[2024-07-17 02:09:33 / Bedrock Backup - CreateZipArchive] 将 4 字节写入到 Bedrock_Backup_7d4edb1a-7a9d-441a-9cf0-fa06c0d20b50.zip
[2024-07-17 02:09:33 / Bedrock Backup - CreateZipArchive] 将 0 字节写入到 Bedrock_Backup_7d4edb1a-7a9d-441a-9cf0-fa06c0d20b50.zip
[2024-07-17 02:09:33 / Bedrock Backup - CreateZipArchive] 将 16 字节写入到 Bedrock_Backup_7d4edb1a-7a9d-441a-9cf0-fa06c0d20b50.zip
[2024-07-17 02:09:33 / Bedrock Backup - CreateZipArchive] 将 50 字节写入到 Bedrock_Backup_7d4edb1a-7a9d-441a-9cf0-fa06c0d20b50.zip
[2024-07-17 02:09:33 / Bedrock Backup] 完成
